<?xml version="1.0" encoding="UTF-8"?>
<!-- Generated by org.testng.reporters.JUnitReportReporter -->
<testsuite hostname="Sainath" failures="0" tests="2" name="com.cb.seleniumjavatest.DataIteration" time="0.015" errors="0" timestamp="2024-10-30T10:39:54 IST" skipped="0">
  <testcase classname="com.cb.seleniumjavatest.DataIteration" name="validateData" time="0.008"/>
  <testcase classname="com.cb.seleniumjavatest.DataIteration" name="validateData" time="0.007"/>
</testsuite> <!-- com.cb.seleniumjavatest.DataIteration -->
