<?xml version="1.0" encoding="UTF-8"?>
<!-- Generated by org.testng.reporters.JUnitReportReporter -->
<testsuite hostname="Sainath" failures="0" tests="1" name="com.cb.tests.AmazonDemoTest" time="13.081" errors="0" timestamp="2024-10-31T10:49:45 IST" skipped="0">
  <testcase classname="com.cb.tests.AmazonDemoTest" name="amazonTest" time="13.081"/>
</testsuite> <!-- com.cb.tests.AmazonDemoTest -->
