<?xml version="1.0" encoding="UTF-8"?>
<!-- Generated by org.testng.reporters.JUnitReportReporter -->
<testsuite hostname="Sainath" failures="0" tests="2" name="com.cb.tests.LoginpageTest" time="13.724" errors="0" timestamp="2024-10-17T21:57:38 IST" skipped="0">
  <testcase classname="com.cb.tests.LoginpageTest" name="test2" time="5.038"/>
  <testcase classname="com.cb.tests.LoginpageTest" name="test1" time="8.686"/>
</testsuite> <!-- com.cb.tests.LoginpageTest -->
