<?xml version="1.0" encoding="UTF-8"?>
<!-- Generated by org.testng.reporters.JUnitReportReporter -->
<testsuite hostname="Sainath" failures="0" tests="1" name="com.cb.tests.HomepageTest" time="5.453" errors="0" timestamp="2024-10-17T22:09:52 IST" skipped="0">
  <testcase classname="com.cb.tests.HomepageTest" name="test3" time="5.453"/>
</testsuite> <!-- com.cb.tests.HomepageTest -->
