<?xml version="1.0" encoding="UTF-8"?>
<!-- Generated by org.testng.reporters.JUnitReportReporter -->
<testsuite hostname="Sainath" failures="0" tests="3" name="com.cb.seleniumjavatest.Runner" time="10.454" errors="0" timestamp="2024-10-18T21:08:08 IST" skipped="0">
  <testcase classname="com.cb.seleniumjavatest.Runner" name="pageFactoryDemoTest" time="3.066"/>
  <testcase classname="com.cb.seleniumjavatest.Runner" name="PageFactoryDemoWithCacheLookupTest" time="4.140"/>
  <testcase classname="com.cb.seleniumjavatest.Runner" name="noPageFactoryTest" time="3.248"/>
</testsuite> <!-- com.cb.seleniumjavatest.Runner -->
