<?xml version="1.0" encoding="UTF-8"?>
<!-- Generated by org.testng.reporters.JUnitReportReporter -->
<testsuite hostname="Sainath" failures="0" tests="1" name="com.cb.tests.ExceptionDemo" time="0.012" errors="0" timestamp="2024-11-01T09:57:47 IST" skipped="0">
  <testcase classname="com.cb.tests.ExceptionDemo" name="test1" time="0.012"/>
</testsuite> <!-- com.cb.tests.ExceptionDemo -->
